<?xml version="1.0" encoding="UTF-8"?>
<testsuites>
  <testsuite name="CodeIgniter Application Test Suite" tests="3" assertions="3" failures="1" errors="0" time="0.067066">
    <testsuite name="Welcome_test" file="C:\wamp\www\mngtprototype\application\tests\controllers\Welcome_test.php" tests="3" assertions="3" failures="1" errors="0" time="0.067066">
      <testcase name="test_index" class="Welcome_test" file="C:\wamp\www\mngtprototype\application\tests\controllers\Welcome_test.php" line="13" assertions="1" time="0.047949">
        <failure type="PHPUnit_Framework_ExpectationFailedException">Welcome_test::test_index
Failed asserting that 'Welcome/index is not found' contains "&lt;title&gt;Welcome to CodeIgniter&lt;/title&gt;".

C:\wamp\www\mngtprototype\application\tests\controllers\Welcome_test.php:16
</failure>
      </testcase>
      <testcase name="test_method_404" class="Welcome_test" file="C:\wamp\www\mngtprototype\application\tests\controllers\Welcome_test.php" line="19" assertions="1" time="0.017315"/>
      <testcase name="test_APPPATH" class="Welcome_test" file="C:\wamp\www\mngtprototype\application\tests\controllers\Welcome_test.php" line="25" assertions="1" time="0.001802"/>
    </testsuite>
  </testsuite>
</testsuites>
